{"/home/chris-laptop/coding/tdd-api/client/src/App.tsx": {"path":"/home/chris-laptop/coding/tdd-api/client/src/App.tsx","statementMap":{"0":{"start":{"line":2,"column":0},"end":{"line":2,"column":49}},"1":{"start":{"line":3,"column":0},"end":{"line":3,"column":54}},"2":{"start":{"line":4,"column":0},"end":{"line":4,"column":41}},"3":{"start":{"line":5,"column":0},"end":{"line":5,"column":45}},"4":{"start":{"line":6,"column":0},"end":{"line":6,"column":45}},"5":{"start":{"line":7,"column":0},"end":{"line":7,"column":45}},"6":{"start":{"line":8,"column":0},"end":{"line":8,"column":39}},"7":{"start":{"line":9,"column":0},"end":{"line":9,"column":49}},"8":{"start":{"line":10,"column":0},"end":{"line":10,"column":57}},"9":{"start":{"line":12,"column":22},"end":{"line":33,"column":1}},"10":{"start":{"line":13,"column":2},"end":{"line":32,"column":4}},"11":{"start":{"line":35,"column":0},"end":{"line":35,"column":19}}},"fnMap":{"0":{"name":"(anonymous_1)","decl":{"start":{"line":12,"column":22},"end":{"line":12,"column":25}},"loc":{"start":{"line":12,"column":27},"end":{"line":33,"column":1}}}},"branchMap":{},"s":{"0":1,"1":1,"2":1,"3":1,"4":1,"5":1,"6":1,"7":1,"8":1,"9":1,"10":8,"11":1},"f":{"0":8},"b":{}}
,"/home/chris-laptop/coding/tdd-api/client/src/components/AdminPanel.tsx": {"path":"/home/chris-laptop/coding/tdd-api/client/src/components/AdminPanel.tsx","statementMap":{"0":{"start":{"line":15,"column":0},"end":{"line":15,"column":24}},"1":{"start":{"line":1,"column":0},"end":{"line":1,"column":44}},"2":{"start":{"line":2,"column":0},"end":{"line":2,"column":47}},"3":{"start":{"line":3,"column":0},"end":{"line":3,"column":50}},"4":{"start":{"line":4,"column":0},"end":{"line":4,"column":63}},"5":{"start":{"line":5,"column":0},"end":{"line":5,"column":69}},"6":{"start":{"line":8,"column":0},"end":{"line":8,"column":39}},"7":{"start":{"line":9,"column":0},"end":{"line":9,"column":41}},"8":{"start":{"line":10,"column":0},"end":{"line":10,"column":48}},"9":{"start":{"line":11,"column":0},"end":{"line":11,"column":50}},"10":{"start":{"line":16,"column":30},"end":{"line":16,"column":39}},"11":{"start":{"line":17,"column":19},"end":{"line":17,"column":32}},"12":{"start":{"line":26,"column":6},"end":{"line":26,"column":25}},"13":{"start":{"line":36,"column":6},"end":{"line":36,"column":28}},"14":{"start":{"line":38,"column":40},"end":{"line":38,"column":70}},"15":{"start":{"line":39,"column":42},"end":{"line":39,"column":57}},"16":{"start":{"line":40,"column":48},"end":{"line":40,"column":63}},"17":{"start":{"line":41,"column":40},"end":{"line":41,"column":67}},"18":{"start":{"line":42,"column":46},"end":{"line":42,"column":76}},"19":{"start":{"line":44,"column":2},"end":{"line":48,"column":34}},"20":{"start":{"line":45,"column":4},"end":{"line":47,"column":5}},"21":{"start":{"line":46,"column":6},"end":{"line":46,"column":25}},"22":{"start":{"line":50,"column":2},"end":{"line":53,"column":34}},"23":{"start":{"line":51,"column":4},"end":{"line":51,"column":17}},"24":{"start":{"line":52,"column":4},"end":{"line":52,"column":20}},"25":{"start":{"line":55,"column":27},"end":{"line":64,"column":3}},"26":{"start":{"line":56,"column":20},"end":{"line":58,"column":34}},"27":{"start":{"line":60,"column":4},"end":{"line":63,"column":5}},"28":{"start":{"line":61,"column":6},"end":{"line":61,"column":29}},"29":{"start":{"line":62,"column":6},"end":{"line":62,"column":27}},"30":{"start":{"line":66,"column":30},"end":{"line":75,"column":3}},"31":{"start":{"line":67,"column":20},"end":{"line":69,"column":37}},"32":{"start":{"line":71,"column":4},"end":{"line":74,"column":5}},"33":{"start":{"line":72,"column":6},"end":{"line":72,"column":32}},"34":{"start":{"line":73,"column":6},"end":{"line":73,"column":30}},"35":{"start":{"line":77,"column":25},"end":{"line":80,"column":3}},"36":{"start":{"line":78,"column":4},"end":{"line":78,"column":25}},"37":{"start":{"line":79,"column":4},"end":{"line":79,"column":26}},"38":{"start":{"line":82,"column":28},"end":{"line":85,"column":3}},"39":{"start":{"line":83,"column":4},"end":{"line":83,"column":31}},"40":{"start":{"line":84,"column":4},"end":{"line":84,"column":29}},"41":{"start":{"line":87,"column":27},"end":{"line":90,"column":3}},"42":{"start":{"line":88,"column":4},"end":{"line":88,"column":27}},"43":{"start":{"line":89,"column":4},"end":{"line":89,"column":25}},"44":{"start":{"line":92,"column":30},"end":{"line":95,"column":3}},"45":{"start":{"line":93,"column":4},"end":{"line":93,"column":30}},"46":{"start":{"line":94,"column":4},"end":{"line":94,"column":28}},"47":{"start":{"line":97,"column":2},"end":{"line":103,"column":3}},"48":{"start":{"line":98,"column":4},"end":{"line":102,"column":6}},"49":{"start":{"line":105,"column":2},"end":{"line":230,"column":4}},"50":{"start":{"line":115,"column":20},"end":{"line":115,"column":65}},"51":{"start":{"line":126,"column":35},"end":{"line":126,"column":58}},"52":{"start":{"line":136,"column":35},"end":{"line":136,"column":61}},"53":{"start":{"line":157,"column":22},"end":{"line":157,"column":44}},"54":{"start":{"line":158,"column":22},"end":{"line":158,"column":43}},"55":{"start":{"line":196,"column":22},"end":{"line":196,"column":47}},"56":{"start":{"line":197,"column":22},"end":{"line":197,"column":46}}},"fnMap":{"0":{"name":"AdminPanel","decl":{"start":{"line":15,"column":24},"end":{"line":15,"column":34}},"loc":{"start":{"line":15,"column":34},"end":{"line":231,"column":1}}},"1":{"name":"(anonymous_2)","decl":{"start":{"line":44,"column":12},"end":{"line":44,"column":15}},"loc":{"start":{"line":44,"column":17},"end":{"line":48,"column":3}}},"2":{"name":"(anonymous_3)","decl":{"start":{"line":50,"column":12},"end":{"line":50,"column":15}},"loc":{"start":{"line":50,"column":17},"end":{"line":53,"column":3}}},"3":{"name":"(anonymous_4)","decl":{"start":{"line":55,"column":27},"end":{"line":55,"column":32}},"loc":{"start":{"line":55,"column":51},"end":{"line":64,"column":3}}},"4":{"name":"(anonymous_5)","decl":{"start":{"line":66,"column":30},"end":{"line":66,"column":35}},"loc":{"start":{"line":66,"column":59},"end":{"line":75,"column":3}}},"5":{"name":"(anonymous_6)","decl":{"start":{"line":77,"column":25},"end":{"line":77,"column":26}},"loc":{"start":{"line":77,"column":40},"end":{"line":80,"column":3}}},"6":{"name":"(anonymous_7)","decl":{"start":{"line":82,"column":28},"end":{"line":82,"column":29}},"loc":{"start":{"line":82,"column":49},"end":{"line":85,"column":3}}},"7":{"name":"(anonymous_8)","decl":{"start":{"line":87,"column":27},"end":{"line":87,"column":30}},"loc":{"start":{"line":87,"column":32},"end":{"line":90,"column":3}}},"8":{"name":"(anonymous_9)","decl":{"start":{"line":92,"column":30},"end":{"line":92,"column":33}},"loc":{"start":{"line":92,"column":35},"end":{"line":95,"column":3}}},"9":{"name":"(anonymous_10)","decl":{"start":{"line":114,"column":28},"end":{"line":114,"column":29}},"loc":{"start":{"line":115,"column":20},"end":{"line":115,"column":65}}},"10":{"name":"(anonymous_11)","decl":{"start":{"line":126,"column":29},"end":{"line":126,"column":32}},"loc":{"start":{"line":126,"column":35},"end":{"line":126,"column":58}}},"11":{"name":"(anonymous_12)","decl":{"start":{"line":136,"column":29},"end":{"line":136,"column":32}},"loc":{"start":{"line":136,"column":35},"end":{"line":136,"column":61}}},"12":{"name":"(anonymous_13)","decl":{"start":{"line":156,"column":29},"end":{"line":156,"column":32}},"loc":{"start":{"line":156,"column":34},"end":{"line":159,"column":21}}},"13":{"name":"(anonymous_14)","decl":{"start":{"line":195,"column":29},"end":{"line":195,"column":32}},"loc":{"start":{"line":195,"column":34},"end":{"line":198,"column":21}}}},"branchMap":{"0":{"loc":{"start":{"line":45,"column":4},"end":{"line":47,"column":5}},"type":"if","locations":[{"start":{"line":45,"column":4},"end":{"line":47,"column":5}}]},"1":{"loc":{"start":{"line":56,"column":20},"end":{"line":58,"column":34}},"type":"cond-expr","locations":[{"start":{"line":57,"column":8},"end":{"line":57,"column":52}},{"start":{"line":58,"column":8},"end":{"line":58,"column":34}}]},"2":{"loc":{"start":{"line":60,"column":4},"end":{"line":63,"column":5}},"type":"if","locations":[{"start":{"line":60,"column":4},"end":{"line":63,"column":5}}]},"3":{"loc":{"start":{"line":67,"column":20},"end":{"line":69,"column":37}},"type":"cond-expr","locations":[{"start":{"line":68,"column":8},"end":{"line":68,"column":58}},{"start":{"line":69,"column":8},"end":{"line":69,"column":37}}]},"4":{"loc":{"start":{"line":71,"column":4},"end":{"line":74,"column":5}},"type":"if","locations":[{"start":{"line":71,"column":4},"end":{"line":74,"column":5}}]},"5":{"loc":{"start":{"line":97,"column":2},"end":{"line":103,"column":3}},"type":"if","locations":[{"start":{"line":97,"column":2},"end":{"line":103,"column":3}}]},"6":{"loc":{"start":{"line":97,"column":6},"end":{"line":97,"column":37}},"type":"binary-expr","locations":[{"start":{"line":97,"column":6},"end":{"line":97,"column":18}},{"start":{"line":97,"column":22},"end":{"line":97,"column":37}}]},"7":{"loc":{"start":{"line":128,"column":22},"end":{"line":130,"column":null}},"type":"cond-expr","locations":[{"start":{"line":129,"column":26},"end":{"line":129,"column":56}},{"start":{"line":130,"column":26},"end":{"line":130,"column":null}}]},"8":{"loc":{"start":{"line":138,"column":22},"end":{"line":140,"column":null}},"type":"cond-expr","locations":[{"start":{"line":139,"column":26},"end":{"line":139,"column":56}},{"start":{"line":140,"column":26},"end":{"line":140,"column":null}}]},"9":{"loc":{"start":{"line":149,"column":13},"end":{"line":185,"column":null}},"type":"binary-expr","locations":[{"start":{"line":149,"column":13},"end":{"line":149,"column":36}},{"start":{"line":150,"column":14},"end":{"line":184,"column":null}}]},"10":{"loc":{"start":{"line":166,"column":17},"end":{"line":169,"column":null}},"type":"binary-expr","locations":[{"start":{"line":166,"column":17},"end":{"line":166,"column":27}},{"start":{"line":167,"column":18},"end":{"line":168,"column":null}}]},"11":{"loc":{"start":{"line":172,"column":17},"end":{"line":183,"column":null}},"type":"cond-expr","locations":[{"start":{"line":173,"column":18},"end":{"line":176,"column":null}},{"start":{"line":179,"column":18},"end":{"line":182,"column":null}}]},"12":{"loc":{"start":{"line":176,"column":33},"end":{"line":176,"column":57}},"type":"binary-expr","locations":[{"start":{"line":176,"column":33},"end":{"line":176,"column":44}},{"start":{"line":176,"column":48},"end":{"line":176,"column":57}}]},"13":{"loc":{"start":{"line":188,"column":13},"end":{"line":224,"column":null}},"type":"binary-expr","locations":[{"start":{"line":188,"column":13},"end":{"line":188,"column":39}},{"start":{"line":189,"column":14},"end":{"line":223,"column":null}}]},"14":{"loc":{"start":{"line":205,"column":17},"end":{"line":208,"column":null}},"type":"binary-expr","locations":[{"start":{"line":205,"column":17},"end":{"line":205,"column":30}},{"start":{"line":206,"column":18},"end":{"line":207,"column":null}}]},"15":{"loc":{"start":{"line":211,"column":17},"end":{"line":222,"column":null}},"type":"cond-expr","locations":[{"start":{"line":212,"column":18},"end":{"line":215,"column":null}},{"start":{"line":218,"column":18},"end":{"line":221,"column":null}}]},"16":{"loc":{"start":{"line":215,"column":33},"end":{"line":215,"column":60}},"type":"binary-expr","locations":[{"start":{"line":215,"column":33},"end":{"line":215,"column":47}},{"start":{"line":215,"column":51},"end":{"line":215,"column":60}}]}},"s":{"0":1,"1":1,"2":1,"3":1,"4":1,"5":1,"6":1,"7":1,"8":1,"9":1,"10":29,"11":29,"12":29,"13":29,"14":29,"15":29,"16":29,"17":29,"18":29,"19":29,"20":13,"21":1,"22":29,"23":13,"24":13,"25":29,"26":2,"27":2,"28":2,"29":2,"30":29,"31":2,"32":2,"33":2,"34":2,"35":29,"36":1,"37":1,"38":29,"39":1,"40":1,"41":29,"42":1,"43":1,"44":29,"45":0,"46":0,"47":29,"48":1,"49":28,"50":2,"51":0,"52":4,"53":2,"54":2,"55":1,"56":1},"f":{"0":29,"1":13,"2":13,"3":2,"4":2,"5":1,"6":1,"7":1,"8":0,"9":2,"10":0,"11":4,"12":2,"13":1},"b":{"0":[1],"1":[1,1],"2":[2],"3":[1,1],"4":[2],"5":[1],"6":[29,28],"7":[19,9],"8":[9,19],"9":[28,19],"10":[19,1],"11":[3,16],"12":[3,2],"13":[28,9],"14":[9,0],"15":[2,7],"16":[2,1]}}
,"/home/chris-laptop/coding/tdd-api/client/src/components/BlogList.tsx": {"path":"/home/chris-laptop/coding/tdd-api/client/src/components/BlogList.tsx","statementMap":{"0":{"start":{"line":1,"column":0},"end":{"line":1,"column":44}},"1":{"start":{"line":2,"column":0},"end":{"line":2,"column":40}},"2":{"start":{"line":3,"column":0},"end":{"line":3,"column":26}},"3":{"start":{"line":15,"column":17},"end":{"line":93,"column":1}},"4":{"start":{"line":16,"column":28},"end":{"line":16,"column":48}},"5":{"start":{"line":17,"column":32},"end":{"line":17,"column":46}},"6":{"start":{"line":18,"column":28},"end":{"line":18,"column":57}},"7":{"start":{"line":20,"column":2},"end":{"line":33,"column":9}},"8":{"start":{"line":21,"column":23},"end":{"line":30,"column":5}},"9":{"start":{"line":22,"column":6},"end":{"line":29,"column":7}},"10":{"start":{"line":23,"column":25},"end":{"line":23,"column":57}},"11":{"start":{"line":24,"column":8},"end":{"line":24,"column":32}},"12":{"start":{"line":25,"column":8},"end":{"line":25,"column":26}},"13":{"start":{"line":27,"column":8},"end":{"line":27,"column":42}},"14":{"start":{"line":28,"column":8},"end":{"line":28,"column":26}},"15":{"start":{"line":32,"column":4},"end":{"line":32,"column":17}},"16":{"start":{"line":35,"column":2},"end":{"line":44,"column":3}},"17":{"start":{"line":36,"column":4},"end":{"line":43,"column":6}},"18":{"start":{"line":46,"column":2},"end":{"line":52,"column":3}},"19":{"start":{"line":47,"column":4},"end":{"line":51,"column":6}},"20":{"start":{"line":54,"column":2},"end":{"line":92,"column":4}},"21":{"start":{"line":59,"column":10},"end":{"line":60,"column":null}},"22":{"start":{"line":95,"column":0},"end":{"line":95,"column":24}}},"fnMap":{"0":{"name":"(anonymous_1)","decl":{"start":{"line":15,"column":17},"end":{"line":15,"column":20}},"loc":{"start":{"line":15,"column":22},"end":{"line":93,"column":1}}},"1":{"name":"(anonymous_2)","decl":{"start":{"line":20,"column":12},"end":{"line":20,"column":15}},"loc":{"start":{"line":20,"column":17},"end":{"line":33,"column":3}}},"2":{"name":"(anonymous_3)","decl":{"start":{"line":21,"column":23},"end":{"line":21,"column":28}},"loc":{"start":{"line":21,"column":34},"end":{"line":30,"column":5}}},"3":{"name":"(anonymous_4)","decl":{"start":{"line":58,"column":19},"end":{"line":58,"column":20}},"loc":{"start":{"line":59,"column":10},"end":{"line":60,"column":null}}}},"branchMap":{"0":{"loc":{"start":{"line":35,"column":2},"end":{"line":44,"column":3}},"type":"if","locations":[{"start":{"line":35,"column":2},"end":{"line":44,"column":3}}]},"1":{"loc":{"start":{"line":46,"column":2},"end":{"line":52,"column":3}},"type":"if","locations":[{"start":{"line":46,"column":2},"end":{"line":52,"column":3}}]},"2":{"loc":{"start":{"line":64,"column":13},"end":{"line":71,"column":null}},"type":"binary-expr","locations":[{"start":{"line":64,"column":13},"end":{"line":64,"column":31}},{"start":{"line":65,"column":14},"end":{"line":70,"column":null}}]},"3":{"loc":{"start":{"line":80,"column":17},"end":{"line":84,"column":null}},"type":"binary-expr","locations":[{"start":{"line":80,"column":17},"end":{"line":80,"column":30}},{"start":{"line":81,"column":18},"end":{"line":83,"column":null}}]}},"s":{"0":1,"1":1,"2":1,"3":1,"4":13,"5":13,"6":13,"7":13,"8":7,"9":7,"10":7,"11":5,"12":5,"13":1,"14":1,"15":7,"16":13,"17":7,"18":6,"19":1,"20":5,"21":10,"22":1},"f":{"0":13,"1":7,"2":7,"3":10},"b":{"0":[7],"1":[1],"2":[10,5],"3":[10,5]}}
,"/home/chris-laptop/coding/tdd-api/client/src/components/BlogPost.tsx": {"path":"/home/chris-laptop/coding/tdd-api/client/src/components/BlogPost.tsx","statementMap":{"0":{"start":{"line":1,"column":0},"end":{"line":1,"column":44}},"1":{"start":{"line":2,"column":0},"end":{"line":2,"column":58}},"2":{"start":{"line":3,"column":0},"end":{"line":3,"column":26}},"3":{"start":{"line":20,"column":17},"end":{"line":139,"column":1}},"4":{"start":{"line":21,"column":19},"end":{"line":21,"column":48}},"5":{"start":{"line":22,"column":19},"end":{"line":22,"column":32}},"6":{"start":{"line":23,"column":26},"end":{"line":23,"column":57}},"7":{"start":{"line":24,"column":32},"end":{"line":24,"column":46}},"8":{"start":{"line":25,"column":28},"end":{"line":25,"column":57}},"9":{"start":{"line":27,"column":2},"end":{"line":40,"column":13}},"10":{"start":{"line":28,"column":22},"end":{"line":37,"column":5}},"11":{"start":{"line":29,"column":6},"end":{"line":36,"column":7}},"12":{"start":{"line":30,"column":25},"end":{"line":30,"column":65}},"13":{"start":{"line":31,"column":8},"end":{"line":31,"column":31}},"14":{"start":{"line":32,"column":8},"end":{"line":32,"column":26}},"15":{"start":{"line":34,"column":8},"end":{"line":34,"column":46}},"16":{"start":{"line":35,"column":8},"end":{"line":35,"column":26}},"17":{"start":{"line":39,"column":4},"end":{"line":39,"column":16}},"18":{"start":{"line":42,"column":2},"end":{"line":51,"column":3}},"19":{"start":{"line":43,"column":4},"end":{"line":50,"column":6}},"20":{"start":{"line":53,"column":2},"end":{"line":65,"column":3}},"21":{"start":{"line":54,"column":4},"end":{"line":64,"column":6}},"22":{"start":{"line":58,"column":25},"end":{"line":58,"column":43}},"23":{"start":{"line":67,"column":2},"end":{"line":138,"column":4}},"24":{"start":{"line":70,"column":23},"end":{"line":70,"column":41}},"25":{"start":{"line":103,"column":12},"end":{"line":104,"column":null}},"26":{"start":{"line":127,"column":14},"end":{"line":128,"column":null}},"27":{"start":{"line":141,"column":0},"end":{"line":141,"column":24}}},"fnMap":{"0":{"name":"(anonymous_1)","decl":{"start":{"line":20,"column":17},"end":{"line":20,"column":20}},"loc":{"start":{"line":20,"column":22},"end":{"line":139,"column":1}}},"1":{"name":"(anonymous_2)","decl":{"start":{"line":27,"column":12},"end":{"line":27,"column":15}},"loc":{"start":{"line":27,"column":17},"end":{"line":40,"column":3}}},"2":{"name":"(anonymous_3)","decl":{"start":{"line":28,"column":22},"end":{"line":28,"column":27}},"loc":{"start":{"line":28,"column":33},"end":{"line":37,"column":5}}},"3":{"name":"(anonymous_4)","decl":{"start":{"line":58,"column":19},"end":{"line":58,"column":22}},"loc":{"start":{"line":58,"column":25},"end":{"line":58,"column":43}}},"4":{"name":"(anonymous_5)","decl":{"start":{"line":70,"column":17},"end":{"line":70,"column":20}},"loc":{"start":{"line":70,"column":23},"end":{"line":70,"column":41}}},"5":{"name":"(anonymous_6)","decl":{"start":{"line":102,"column":31},"end":{"line":102,"column":32}},"loc":{"start":{"line":103,"column":12},"end":{"line":104,"column":null}}},"6":{"name":"(anonymous_7)","decl":{"start":{"line":126,"column":27},"end":{"line":126,"column":28}},"loc":{"start":{"line":127,"column":14},"end":{"line":128,"column":null}}}},"branchMap":{"0":{"loc":{"start":{"line":42,"column":2},"end":{"line":51,"column":3}},"type":"if","locations":[{"start":{"line":42,"column":2},"end":{"line":51,"column":3}}]},"1":{"loc":{"start":{"line":53,"column":2},"end":{"line":65,"column":3}},"type":"if","locations":[{"start":{"line":53,"column":2},"end":{"line":65,"column":3}}]},"2":{"loc":{"start":{"line":53,"column":6},"end":{"line":53,"column":20}},"type":"binary-expr","locations":[{"start":{"line":53,"column":6},"end":{"line":53,"column":11}},{"start":{"line":53,"column":15},"end":{"line":53,"column":20}}]},"3":{"loc":{"start":{"line":56,"column":37},"end":{"line":56,"column":67}},"type":"binary-expr","locations":[{"start":{"line":56,"column":37},"end":{"line":56,"column":42}},{"start":{"line":56,"column":46},"end":{"line":56,"column":67}}]},"4":{"loc":{"start":{"line":76,"column":7},"end":{"line":83,"column":null}},"type":"binary-expr","locations":[{"start":{"line":76,"column":7},"end":{"line":76,"column":25}},{"start":{"line":77,"column":8},"end":{"line":82,"column":null}}]},"5":{"loc":{"start":{"line":89,"column":9},"end":{"line":89,"column":59}},"type":"binary-expr","locations":[{"start":{"line":89,"column":9},"end":{"line":89,"column":20}},{"start":{"line":89,"column":24},"end":{"line":89,"column":59}}]},"6":{"loc":{"start":{"line":92,"column":9},"end":{"line":96,"column":null}},"type":"binary-expr","locations":[{"start":{"line":92,"column":9},"end":{"line":92,"column":22}},{"start":{"line":93,"column":10},"end":{"line":95,"column":null}}]},"7":{"loc":{"start":{"line":100,"column":7},"end":{"line":110,"column":null}},"type":"binary-expr","locations":[{"start":{"line":100,"column":7},"end":{"line":100,"column":33}},{"start":{"line":101,"column":8},"end":{"line":109,"column":null}}]},"8":{"loc":{"start":{"line":122,"column":7},"end":{"line":135,"column":null}},"type":"binary-expr","locations":[{"start":{"line":122,"column":7},"end":{"line":122,"column":27}},{"start":{"line":123,"column":8},"end":{"line":134,"column":null}}]}},"s":{"0":1,"1":1,"2":1,"3":1,"4":13,"5":13,"6":13,"7":13,"8":13,"9":13,"10":7,"11":7,"12":7,"13":5,"14":5,"15":1,"16":1,"17":7,"18":13,"19":7,"20":6,"21":2,"22":1,"23":4,"24":1,"25":6,"26":6,"27":1},"f":{"0":13,"1":7,"2":7,"3":1,"4":1,"5":6,"6":6},"b":{"0":[7],"1":[2],"2":[6,5],"3":[2,1],"4":[4,3],"5":[4,3],"6":[4,3],"7":[4,3],"8":[4,3]}}
,"/home/chris-laptop/coding/tdd-api/client/src/components/CustomerReviews.tsx": {"path":"/home/chris-laptop/coding/tdd-api/client/src/components/CustomerReviews.tsx","statementMap":{"0":{"start":{"line":1,"column":0},"end":{"line":1,"column":44}},"1":{"start":{"line":2,"column":0},"end":{"line":2,"column":53}},"2":{"start":{"line":13,"column":24},"end":{"line":160,"column":1}},"3":{"start":{"line":14,"column":32},"end":{"line":14,"column":54}},"4":{"start":{"line":15,"column":32},"end":{"line":15,"column":46}},"5":{"start":{"line":18,"column":34},"end":{"line":43,"column":4}},"6":{"start":{"line":70,"column":2},"end":{"line":73,"column":9}},"7":{"start":{"line":71,"column":4},"end":{"line":71,"column":30}},"8":{"start":{"line":72,"column":4},"end":{"line":72,"column":22}},"9":{"start":{"line":75,"column":22},"end":{"line":99,"column":3}},"10":{"start":{"line":76,"column":18},"end":{"line":76,"column":20}},"11":{"start":{"line":77,"column":22},"end":{"line":77,"column":40}},"12":{"start":{"line":78,"column":24},"end":{"line":78,"column":40}},"13":{"start":{"line":80,"column":4},"end":{"line":87,"column":5}},"14":{"start":{"line":80,"column":17},"end":{"line":80,"column":18}},"15":{"start":{"line":81,"column":6},"end":{"line":86,"column":8}},"16":{"start":{"line":89,"column":4},"end":{"line":96,"column":5}},"17":{"start":{"line":90,"column":6},"end":{"line":95,"column":8}},"18":{"start":{"line":98,"column":4},"end":{"line":98,"column":17}},"19":{"start":{"line":101,"column":2},"end":{"line":159,"column":4}},"20":{"start":{"line":120,"column":12},"end":{"line":121,"column":null}},"21":{"start":{"line":162,"column":0},"end":{"line":162,"column":31}}},"fnMap":{"0":{"name":"(anonymous_0)","decl":{"start":{"line":13,"column":24},"end":{"line":13,"column":27}},"loc":{"start":{"line":13,"column":29},"end":{"line":160,"column":1}}},"1":{"name":"(anonymous_1)","decl":{"start":{"line":70,"column":12},"end":{"line":70,"column":15}},"loc":{"start":{"line":70,"column":17},"end":{"line":73,"column":3}}},"2":{"name":"(anonymous_2)","decl":{"start":{"line":75,"column":22},"end":{"line":75,"column":23}},"loc":{"start":{"line":75,"column":41},"end":{"line":99,"column":3}}},"3":{"name":"(anonymous_3)","decl":{"start":{"line":119,"column":22},"end":{"line":119,"column":23}},"loc":{"start":{"line":120,"column":12},"end":{"line":121,"column":null}}}},"branchMap":{"0":{"loc":{"start":{"line":89,"column":4},"end":{"line":96,"column":5}},"type":"if","locations":[{"start":{"line":89,"column":4},"end":{"line":96,"column":5}}]},"1":{"loc":{"start":{"line":116,"column":9},"end":{"line":155,"column":null}},"type":"cond-expr","locations":[{"start":{"line":117,"column":10},"end":{"line":117,"column":79}},{"start":{"line":119,"column":10},"end":{"line":155,"column":12}}]},"2":{"loc":{"start":{"line":132,"column":17},"end":{"line":143,"column":null}},"type":"cond-expr","locations":[{"start":{"line":133,"column":18},"end":{"line":136,"column":null}},{"start":{"line":139,"column":18},"end":{"line":142,"column":null}}]}},"s":{"0":1,"1":1,"2":1,"3":8,"4":8,"5":8,"6":8,"7":4,"8":4,"9":8,"10":20,"11":20,"12":20,"13":20,"14":20,"15":100,"16":20,"17":0,"18":20,"19":8,"20":12,"21":1},"f":{"0":8,"1":4,"2":20,"3":12},"b":{"0":[0],"1":[4,4],"2":[0,12]}}
,"/home/chris-laptop/coding/tdd-api/client/src/components/Footer.tsx": {"path":"/home/chris-laptop/coding/tdd-api/client/src/components/Footer.tsx","statementMap":{"0":{"start":{"line":2,"column":0},"end":{"line":2,"column":40}},"1":{"start":{"line":3,"column":0},"end":{"line":3,"column":null}},"2":{"start":{"line":12,"column":25},"end":{"line":118,"column":1}},"3":{"start":{"line":13,"column":2},"end":{"line":117,"column":4}},"4":{"start":{"line":120,"column":0},"end":{"line":120,"column":22}}},"fnMap":{"0":{"name":"(anonymous_0)","decl":{"start":{"line":12,"column":25},"end":{"line":12,"column":28}},"loc":{"start":{"line":12,"column":30},"end":{"line":118,"column":1}}}},"branchMap":{},"s":{"0":1,"1":1,"2":1,"3":6,"4":1},"f":{"0":6},"b":{}}
,"/home/chris-laptop/coding/tdd-api/client/src/components/HomePage.tsx": {"path":"/home/chris-laptop/coding/tdd-api/client/src/components/HomePage.tsx","statementMap":{"0":{"start":{"line":2,"column":0},"end":{"line":2,"column":40}},"1":{"start":{"line":3,"column":0},"end":{"line":3,"column":42}},"2":{"start":{"line":4,"column":0},"end":{"line":4,"column":48}},"3":{"start":{"line":5,"column":0},"end":{"line":5,"column":53}},"4":{"start":{"line":7,"column":27},"end":{"line":228,"column":1}},"5":{"start":{"line":8,"column":2},"end":{"line":227,"column":4}},"6":{"start":{"line":177,"column":12},"end":{"line":178,"column":null}},"7":{"start":{"line":203,"column":12},"end":{"line":204,"column":null}},"8":{"start":{"line":230,"column":0},"end":{"line":230,"column":24}}},"fnMap":{"0":{"name":"(anonymous_1)","decl":{"start":{"line":7,"column":27},"end":{"line":7,"column":30}},"loc":{"start":{"line":7,"column":32},"end":{"line":228,"column":1}}},"1":{"name":"(anonymous_2)","decl":{"start":{"line":176,"column":24},"end":{"line":176,"column":25}},"loc":{"start":{"line":177,"column":12},"end":{"line":178,"column":null}}},"2":{"name":"(anonymous_3)","decl":{"start":{"line":202,"column":16},"end":{"line":202,"column":17}},"loc":{"start":{"line":203,"column":12},"end":{"line":204,"column":null}}}},"branchMap":{},"s":{"0":1,"1":1,"2":1,"3":1,"4":1,"5":19,"6":76,"7":76,"8":1},"f":{"0":19,"1":76,"2":76},"b":{}}
,"/home/chris-laptop/coding/tdd-api/client/src/components/Layout.tsx": {"path":"/home/chris-laptop/coding/tdd-api/client/src/components/Layout.tsx","statementMap":{"0":{"start":{"line":2,"column":0},"end":{"line":2,"column":38}},"1":{"start":{"line":3,"column":0},"end":{"line":3,"column":30}},"2":{"start":{"line":9,"column":38},"end":{"line":17,"column":1}},"3":{"start":{"line":10,"column":2},"end":{"line":16,"column":4}},"4":{"start":{"line":19,"column":0},"end":{"line":19,"column":22}}},"fnMap":{"0":{"name":"(anonymous_1)","decl":{"start":{"line":9,"column":38},"end":{"line":9,"column":39}},"loc":{"start":{"line":9,"column":55},"end":{"line":17,"column":1}}}},"branchMap":{},"s":{"0":1,"1":1,"2":1,"3":5,"4":1},"f":{"0":5},"b":{}}
,"/home/chris-laptop/coding/tdd-api/client/src/components/Login.tsx": {"path":"/home/chris-laptop/coding/tdd-api/client/src/components/Login.tsx","statementMap":{"0":{"start":{"line":5,"column":0},"end":{"line":5,"column":24}},"1":{"start":{"line":1,"column":0},"end":{"line":1,"column":44}},"2":{"start":{"line":2,"column":0},"end":{"line":2,"column":47}},"3":{"start":{"line":3,"column":0},"end":{"line":3,"column":50}},"4":{"start":{"line":6,"column":28},"end":{"line":6,"column":40}},"5":{"start":{"line":7,"column":34},"end":{"line":7,"column":46}},"6":{"start":{"line":8,"column":28},"end":{"line":8,"column":40}},"7":{"start":{"line":9,"column":36},"end":{"line":9,"column":51}},"8":{"start":{"line":10,"column":20},"end":{"line":10,"column":29}},"9":{"start":{"line":11,"column":19},"end":{"line":11,"column":32}},"10":{"start":{"line":13,"column":23},"end":{"line":26,"column":3}},"11":{"start":{"line":14,"column":4},"end":{"line":14,"column":23}},"12":{"start":{"line":15,"column":4},"end":{"line":15,"column":17}},"13":{"start":{"line":16,"column":4},"end":{"line":16,"column":23}},"14":{"start":{"line":18,"column":4},"end":{"line":25,"column":5}},"15":{"start":{"line":19,"column":6},"end":{"line":19,"column":35}},"16":{"start":{"line":20,"column":6},"end":{"line":20,"column":25}},"17":{"start":{"line":22,"column":6},"end":{"line":22,"column":71}},"18":{"start":{"line":24,"column":6},"end":{"line":24,"column":26}},"19":{"start":{"line":28,"column":2},"end":{"line":92,"column":4}},"20":{"start":{"line":51,"column":33},"end":{"line":51,"column":57}},"21":{"start":{"line":67,"column":33},"end":{"line":67,"column":60}}},"fnMap":{"0":{"name":"Login","decl":{"start":{"line":5,"column":24},"end":{"line":5,"column":29}},"loc":{"start":{"line":5,"column":29},"end":{"line":93,"column":1}}},"1":{"name":"(anonymous_1)","decl":{"start":{"line":13,"column":23},"end":{"line":13,"column":28}},"loc":{"start":{"line":13,"column":46},"end":{"line":26,"column":3}}},"2":{"name":"(anonymous_2)","decl":{"start":{"line":51,"column":26},"end":{"line":51,"column":27}},"loc":{"start":{"line":51,"column":33},"end":{"line":51,"column":57}}},"3":{"name":"(anonymous_3)","decl":{"start":{"line":67,"column":26},"end":{"line":67,"column":27}},"loc":{"start":{"line":67,"column":33},"end":{"line":67,"column":60}}}},"branchMap":{"0":{"loc":{"start":{"line":22,"column":15},"end":{"line":22,"column":69}},"type":"cond-expr","locations":[{"start":{"line":22,"column":38},"end":{"line":22,"column":49}},{"start":{"line":22,"column":52},"end":{"line":22,"column":69}}]},"1":{"loc":{"start":{"line":72,"column":11},"end":{"line":73,"column":null}},"type":"binary-expr","locations":[{"start":{"line":72,"column":11},"end":{"line":72,"column":16}},{"start":{"line":73,"column":12},"end":{"line":73,"column":75}}]},"2":{"loc":{"start":{"line":81,"column":16},"end":{"line":83,"column":null}},"type":"cond-expr","locations":[{"start":{"line":82,"column":20},"end":{"line":82,"column":52}},{"start":{"line":83,"column":20},"end":{"line":83,"column":null}}]},"3":{"loc":{"start":{"line":86,"column":15},"end":{"line":86,"column":69}},"type":"cond-expr","locations":[{"start":{"line":86,"column":27},"end":{"line":86,"column":42}},{"start":{"line":86,"column":45},"end":{"line":86,"column":69}}]}},"s":{"0":1,"1":1,"2":1,"3":1,"4":181,"5":180,"6":180,"7":180,"8":180,"9":180,"10":180,"11":4,"12":4,"13":4,"14":4,"15":4,"16":2,"17":2,"18":4,"19":180,"20":107,"21":57},"f":{"0":181,"1":4,"2":107,"3":57},"b":{"0":[1,1],"1":[180,2],"2":[4,176],"3":[4,176]}}
,"/home/chris-laptop/coding/tdd-api/client/src/components/Navigation.tsx": {"path":"/home/chris-laptop/coding/tdd-api/client/src/components/Navigation.tsx","statementMap":{"0":{"start":{"line":2,"column":0},"end":{"line":2,"column":40}},"1":{"start":{"line":4,"column":29},"end":{"line":67,"column":1}},"2":{"start":{"line":5,"column":2},"end":{"line":66,"column":4}},"3":{"start":{"line":69,"column":0},"end":{"line":69,"column":26}}},"fnMap":{"0":{"name":"(anonymous_0)","decl":{"start":{"line":4,"column":29},"end":{"line":4,"column":32}},"loc":{"start":{"line":4,"column":34},"end":{"line":67,"column":1}}}},"branchMap":{},"s":{"0":1,"1":1,"2":6,"3":1},"f":{"0":6},"b":{}}
,"/home/chris-laptop/coding/tdd-api/client/src/components/ProtectedRoute.tsx": {"path":"/home/chris-laptop/coding/tdd-api/client/src/components/ProtectedRoute.tsx","statementMap":{"0":{"start":{"line":8,"column":0},"end":{"line":8,"column":24}},"1":{"start":{"line":1,"column":0},"end":{"line":1,"column":44}},"2":{"start":{"line":2,"column":0},"end":{"line":2,"column":50}},"3":{"start":{"line":9,"column":30},"end":{"line":9,"column":39}},"4":{"start":{"line":11,"column":2},"end":{"line":13,"column":3}},"5":{"start":{"line":12,"column":4},"end":{"line":12,"column":44}},"6":{"start":{"line":15,"column":2},"end":{"line":15,"column":25}}},"fnMap":{"0":{"name":"ProtectedRoute","decl":{"start":{"line":8,"column":24},"end":{"line":8,"column":38}},"loc":{"start":{"line":8,"column":72},"end":{"line":16,"column":1}}}},"branchMap":{"0":{"loc":{"start":{"line":11,"column":2},"end":{"line":13,"column":3}},"type":"if","locations":[{"start":{"line":11,"column":2},"end":{"line":13,"column":3}}]}},"s":{"0":2,"1":2,"2":2,"3":8,"4":4,"5":2,"6":2},"f":{"0":8},"b":{"0":[2]}}
,"/home/chris-laptop/coding/tdd-api/client/src/components/blog/BlogTable.tsx": {"path":"/home/chris-laptop/coding/tdd-api/client/src/components/blog/BlogTable.tsx","statementMap":{"0":{"start":{"line":9,"column":0},"end":{"line":9,"column":24}},"1":{"start":{"line":10,"column":2},"end":{"line":80,"column":4}},"2":{"start":{"line":31,"column":12},"end":{"line":31,"column":null}},"3":{"start":{"line":55,"column":33},"end":{"line":55,"column":45}},"4":{"start":{"line":62,"column":20},"end":{"line":68,"column":21}},"5":{"start":{"line":67,"column":22},"end":{"line":67,"column":42}}},"fnMap":{"0":{"name":"BlogTable","decl":{"start":{"line":9,"column":24},"end":{"line":9,"column":33}},"loc":{"start":{"line":9,"column":77},"end":{"line":81,"column":1}}},"1":{"name":"(anonymous_1)","decl":{"start":{"line":30,"column":21},"end":{"line":30,"column":22}},"loc":{"start":{"line":31,"column":12},"end":{"line":31,"column":null}}},"2":{"name":"(anonymous_2)","decl":{"start":{"line":55,"column":27},"end":{"line":55,"column":30}},"loc":{"start":{"line":55,"column":33},"end":{"line":55,"column":45}}},"3":{"name":"(anonymous_3)","decl":{"start":{"line":61,"column":27},"end":{"line":61,"column":30}},"loc":{"start":{"line":61,"column":32},"end":{"line":69,"column":19}}}},"branchMap":{"0":{"loc":{"start":{"line":40,"column":20},"end":{"line":42,"column":null}},"type":"cond-expr","locations":[{"start":{"line":41,"column":24},"end":{"line":41,"column":53}},{"start":{"line":42,"column":24},"end":{"line":42,"column":null}}]},"1":{"loc":{"start":{"line":49,"column":17},"end":{"line":51,"column":35}},"type":"cond-expr","locations":[{"start":{"line":50,"column":20},"end":{"line":50,"column":67}},{"start":{"line":51,"column":20},"end":{"line":51,"column":35}}]},"2":{"loc":{"start":{"line":62,"column":20},"end":{"line":68,"column":21}},"type":"if","locations":[{"start":{"line":62,"column":20},"end":{"line":68,"column":21}}]}},"s":{"0":1,"1":8,"2":13,"3":1,"4":2,"5":1},"f":{"0":8,"1":13,"2":1,"3":2},"b":{"0":[7,6],"1":[7,6],"2":[1]}}
,"/home/chris-laptop/coding/tdd-api/client/src/components/blog/QuillConfig.ts": {"path":"/home/chris-laptop/coding/tdd-api/client/src/components/blog/QuillConfig.ts","statementMap":{"0":{"start":{"line":1,"column":13},"end":{"line":13,"column":2}},"1":{"start":{"line":15,"column":13},"end":{"line":31,"column":2}}},"fnMap":{},"branchMap":{},"s":{"0":1,"1":1},"f":{},"b":{}}
,"/home/chris-laptop/coding/tdd-api/client/src/contexts/AuthContext.tsx": {"path":"/home/chris-laptop/coding/tdd-api/client/src/contexts/AuthContext.tsx","statementMap":{"0":{"start":{"line":18,"column":0},"end":{"line":18,"column":16}},"1":{"start":{"line":74,"column":0},"end":{"line":74,"column":16}},"2":{"start":{"line":1,"column":0},"end":{"line":1,"column":null}},"3":{"start":{"line":8,"column":0},"end":{"line":8,"column":26}},"4":{"start":{"line":16,"column":20},"end":{"line":16,"column":73}},"5":{"start":{"line":19,"column":48},"end":{"line":19,"column":63}},"6":{"start":{"line":21,"column":2},"end":{"line":29,"column":9}},"7":{"start":{"line":23,"column":18},"end":{"line":23,"column":47}},"8":{"start":{"line":24,"column":4},"end":{"line":28,"column":5}},"9":{"start":{"line":25,"column":6},"end":{"line":25,"column":31}},"10":{"start":{"line":27,"column":6},"end":{"line":27,"column":73}},"11":{"start":{"line":31,"column":16},"end":{"line":59,"column":3}},"12":{"start":{"line":32,"column":4},"end":{"line":58,"column":5}},"13":{"start":{"line":33,"column":23},"end":{"line":36,"column":8}},"14":{"start":{"line":38,"column":6},"end":{"line":47,"column":7}},"15":{"start":{"line":40,"column":8},"end":{"line":40,"column":59}},"16":{"start":{"line":42,"column":8},"end":{"line":44,"column":44}},"17":{"start":{"line":45,"column":8},"end":{"line":45,"column":33}},"18":{"start":{"line":46,"column":8},"end":{"line":46,"column":20}},"19":{"start":{"line":48,"column":6},"end":{"line":48,"column":19}},"20":{"start":{"line":50,"column":6},"end":{"line":56,"column":7}},"21":{"start":{"line":51,"column":8},"end":{"line":53,"column":9}},"22":{"start":{"line":52,"column":10},"end":{"line":52,"column":53}},"23":{"start":{"line":55,"column":8},"end":{"line":55,"column":58}},"24":{"start":{"line":57,"column":6},"end":{"line":57,"column":18}},"25":{"start":{"line":61,"column":17},"end":{"line":65,"column":3}},"26":{"start":{"line":62,"column":4},"end":{"line":62,"column":37}},"27":{"start":{"line":63,"column":4},"end":{"line":63,"column":58}},"28":{"start":{"line":64,"column":4},"end":{"line":64,"column":30}},"29":{"start":{"line":67,"column":2},"end":{"line":71,"column":4}},"30":{"start":{"line":75,"column":18},"end":{"line":75,"column":41}},"31":{"start":{"line":76,"column":2},"end":{"line":78,"column":3}},"32":{"start":{"line":77,"column":4},"end":{"line":77,"column":67}},"33":{"start":{"line":79,"column":2},"end":{"line":79,"column":17}}},"fnMap":{"0":{"name":"AuthProvider","decl":{"start":{"line":18,"column":16},"end":{"line":18,"column":28}},"loc":{"start":{"line":18,"column":66},"end":{"line":72,"column":1}}},"1":{"name":"(anonymous_2)","decl":{"start":{"line":21,"column":12},"end":{"line":21,"column":15}},"loc":{"start":{"line":21,"column":17},"end":{"line":29,"column":3}}},"2":{"name":"(anonymous_3)","decl":{"start":{"line":31,"column":16},"end":{"line":31,"column":21}},"loc":{"start":{"line":31,"column":58},"end":{"line":59,"column":3}}},"3":{"name":"(anonymous_4)","decl":{"start":{"line":61,"column":17},"end":{"line":61,"column":20}},"loc":{"start":{"line":61,"column":22},"end":{"line":65,"column":3}}},"4":{"name":"useAuth","decl":{"start":{"line":74,"column":16},"end":{"line":74,"column":23}},"loc":{"start":{"line":74,"column":23},"end":{"line":80,"column":1}}}},"branchMap":{"0":{"loc":{"start":{"line":24,"column":4},"end":{"line":28,"column":5}},"type":"if","locations":[{"start":{"line":24,"column":4},"end":{"line":28,"column":5}}]},"1":{"loc":{"start":{"line":38,"column":6},"end":{"line":47,"column":7}},"type":"if","locations":[{"start":{"line":38,"column":6},"end":{"line":47,"column":7}}]},"2":{"loc":{"start":{"line":50,"column":6},"end":{"line":56,"column":7}},"type":"if","locations":[{"start":{"line":50,"column":6},"end":{"line":56,"column":7}}]},"3":{"loc":{"start":{"line":51,"column":8},"end":{"line":53,"column":9}},"type":"if","locations":[{"start":{"line":51,"column":8},"end":{"line":53,"column":9}}]},"4":{"loc":{"start":{"line":76,"column":2},"end":{"line":78,"column":3}},"type":"if","locations":[{"start":{"line":76,"column":2},"end":{"line":78,"column":3}}]}},"s":{"0":2,"1":2,"2":2,"3":2,"4":2,"5":14,"6":14,"7":8,"8":8,"9":3,"10":3,"11":14,"12":4,"13":4,"14":2,"15":1,"16":1,"17":1,"18":1,"19":1,"20":2,"21":0,"22":0,"23":0,"24":2,"25":14,"26":1,"27":1,"28":1,"29":14,"30":18,"31":18,"32":4,"33":14},"f":{"0":14,"1":8,"2":4,"3":1,"4":18},"b":{"0":[3],"1":[1],"2":[0],"3":[0],"4":[4]}}
,"/home/chris-laptop/coding/tdd-api/client/src/data/features.ts": {"path":"/home/chris-laptop/coding/tdd-api/client/src/data/features.ts","statementMap":{"0":{"start":{"line":1,"column":0},"end":{"line":1,"column":78}},"1":{"start":{"line":9,"column":13},"end":{"line":34,"column":2}}},"fnMap":{},"branchMap":{},"s":{"0":1,"1":1},"f":{},"b":{}}
,"/home/chris-laptop/coding/tdd-api/client/src/hooks/useBlogManagement.ts": {"path":"/home/chris-laptop/coding/tdd-api/client/src/hooks/useBlogManagement.ts","statementMap":{"0":{"start":{"line":1,"column":0},"end":{"line":1,"column":46}},"1":{"start":{"line":2,"column":0},"end":{"line":2,"column":26}},"2":{"start":{"line":5,"column":33},"end":{"line":82,"column":1}},"3":{"start":{"line":6,"column":30},"end":{"line":6,"column":50}},"4":{"start":{"line":7,"column":34},"end":{"line":7,"column":48}},"5":{"start":{"line":8,"column":30},"end":{"line":8,"column":59}},"6":{"start":{"line":10,"column":23},"end":{"line":20,"column":10}},"7":{"start":{"line":11,"column":8},"end":{"line":19,"column":9}},"8":{"start":{"line":12,"column":29},"end":{"line":12,"column":61}},"9":{"start":{"line":13,"column":12},"end":{"line":13,"column":36}},"10":{"start":{"line":14,"column":12},"end":{"line":14,"column":30}},"11":{"start":{"line":15,"column":12},"end":{"line":15,"column":27}},"12":{"start":{"line":17,"column":12},"end":{"line":17,"column":46}},"13":{"start":{"line":18,"column":12},"end":{"line":18,"column":30}},"14":{"start":{"line":22,"column":23},"end":{"line":40,"column":20}},"15":{"start":{"line":23,"column":8},"end":{"line":39,"column":9}},"16":{"start":{"line":24,"column":34},"end":{"line":32,"column":14}},"17":{"start":{"line":27,"column":64},"end":{"line":27,"column":72}},"18":{"start":{"line":30,"column":58},"end":{"line":30,"column":66}},"19":{"start":{"line":33,"column":12},"end":{"line":33,"column":61}},"20":{"start":{"line":34,"column":12},"end":{"line":34,"column":31}},"21":{"start":{"line":35,"column":12},"end":{"line":35,"column":24}},"22":{"start":{"line":37,"column":12},"end":{"line":37,"column":46}},"23":{"start":{"line":38,"column":12},"end":{"line":38,"column":25}},"24":{"start":{"line":42,"column":23},"end":{"line":60,"column":20}},"25":{"start":{"line":43,"column":8},"end":{"line":59,"column":9}},"26":{"start":{"line":44,"column":34},"end":{"line":52,"column":14}},"27":{"start":{"line":47,"column":64},"end":{"line":47,"column":72}},"28":{"start":{"line":50,"column":58},"end":{"line":50,"column":66}},"29":{"start":{"line":53,"column":12},"end":{"line":53,"column":68}},"30":{"start":{"line":54,"column":12},"end":{"line":54,"column":31}},"31":{"start":{"line":55,"column":12},"end":{"line":55,"column":24}},"32":{"start":{"line":57,"column":12},"end":{"line":57,"column":46}},"33":{"start":{"line":58,"column":12},"end":{"line":58,"column":25}},"34":{"start":{"line":62,"column":23},"end":{"line":71,"column":20}},"35":{"start":{"line":63,"column":8},"end":{"line":70,"column":9}},"36":{"start":{"line":64,"column":12},"end":{"line":64,"column":56}},"37":{"start":{"line":65,"column":12},"end":{"line":65,"column":31}},"38":{"start":{"line":66,"column":12},"end":{"line":66,"column":24}},"39":{"start":{"line":68,"column":12},"end":{"line":68,"column":46}},"40":{"start":{"line":69,"column":12},"end":{"line":69,"column":25}},"41":{"start":{"line":73,"column":4},"end":{"line":81,"column":6}},"42":{"start":{"line":5,"column":13},"end":{"line":5,"column":33}}},"fnMap":{"0":{"name":"(anonymous_1)","decl":{"start":{"line":5,"column":33},"end":{"line":5,"column":36}},"loc":{"start":{"line":5,"column":38},"end":{"line":82,"column":1}}},"1":{"name":"(anonymous_2)","decl":{"start":{"line":10,"column":35},"end":{"line":10,"column":40}},"loc":{"start":{"line":10,"column":46},"end":{"line":20,"column":5}}},"2":{"name":"(anonymous_3)","decl":{"start":{"line":22,"column":35},"end":{"line":22,"column":40}},"loc":{"start":{"line":22,"column":68},"end":{"line":40,"column":5}}},"3":{"name":"(anonymous_4)","decl":{"start":{"line":27,"column":57},"end":{"line":27,"column":58}},"loc":{"start":{"line":27,"column":64},"end":{"line":27,"column":72}}},"4":{"name":"(anonymous_5)","decl":{"start":{"line":30,"column":51},"end":{"line":30,"column":52}},"loc":{"start":{"line":30,"column":58},"end":{"line":30,"column":66}}},"5":{"name":"(anonymous_6)","decl":{"start":{"line":42,"column":35},"end":{"line":42,"column":40}},"loc":{"start":{"line":42,"column":82},"end":{"line":60,"column":5}}},"6":{"name":"(anonymous_7)","decl":{"start":{"line":47,"column":57},"end":{"line":47,"column":58}},"loc":{"start":{"line":47,"column":64},"end":{"line":47,"column":72}}},"7":{"name":"(anonymous_8)","decl":{"start":{"line":50,"column":51},"end":{"line":50,"column":52}},"loc":{"start":{"line":50,"column":58},"end":{"line":50,"column":66}}},"8":{"name":"(anonymous_9)","decl":{"start":{"line":62,"column":35},"end":{"line":62,"column":40}},"loc":{"start":{"line":62,"column":58},"end":{"line":71,"column":5}}}},"branchMap":{"0":{"loc":{"start":{"line":26,"column":28},"end":{"line":28,"column":24}},"type":"cond-expr","locations":[{"start":{"line":27,"column":22},"end":{"line":27,"column":73}},{"start":{"line":28,"column":22},"end":{"line":28,"column":24}}]},"1":{"loc":{"start":{"line":29,"column":22},"end":{"line":31,"column":24}},"type":"cond-expr","locations":[{"start":{"line":30,"column":22},"end":{"line":30,"column":67}},{"start":{"line":31,"column":22},"end":{"line":31,"column":24}}]},"2":{"loc":{"start":{"line":46,"column":28},"end":{"line":48,"column":24}},"type":"cond-expr","locations":[{"start":{"line":47,"column":22},"end":{"line":47,"column":73}},{"start":{"line":48,"column":22},"end":{"line":48,"column":24}}]},"3":{"loc":{"start":{"line":49,"column":22},"end":{"line":51,"column":24}},"type":"cond-expr","locations":[{"start":{"line":50,"column":22},"end":{"line":50,"column":67}},{"start":{"line":51,"column":22},"end":{"line":51,"column":24}}]}},"s":{"0":2,"1":2,"2":2,"3":17,"4":17,"5":17,"6":17,"7":5,"8":5,"9":4,"10":4,"11":4,"12":1,"13":1,"14":17,"15":2,"16":2,"17":2,"18":2,"19":2,"20":1,"21":1,"22":1,"23":1,"24":17,"25":2,"26":2,"27":2,"28":2,"29":2,"30":1,"31":1,"32":1,"33":1,"34":17,"35":2,"36":2,"37":1,"38":1,"39":1,"40":1,"41":17,"42":2},"f":{"0":17,"1":5,"2":2,"3":2,"4":2,"5":2,"6":2,"7":2,"8":2},"b":{"0":[1,1],"1":[1,1],"2":[1,1],"3":[1,1]}}
,"/home/chris-laptop/coding/tdd-api/client/src/hooks/useProductManagement.ts": {"path":"/home/chris-laptop/coding/tdd-api/client/src/hooks/useProductManagement.ts","statementMap":{"0":{"start":{"line":1,"column":0},"end":{"line":1,"column":46}},"1":{"start":{"line":4,"column":36},"end":{"line":137,"column":1}},"2":{"start":{"line":5,"column":36},"end":{"line":5,"column":59}},"3":{"start":{"line":6,"column":34},"end":{"line":6,"column":49}},"4":{"start":{"line":7,"column":30},"end":{"line":7,"column":59}},"5":{"start":{"line":9,"column":26},"end":{"line":28,"column":10}},"6":{"start":{"line":10,"column":8},"end":{"line":10,"column":25}},"7":{"start":{"line":11,"column":8},"end":{"line":11,"column":23}},"8":{"start":{"line":12,"column":8},"end":{"line":27,"column":9}},"9":{"start":{"line":13,"column":29},"end":{"line":17,"column":14}},"10":{"start":{"line":18,"column":12},"end":{"line":20,"column":13}},"11":{"start":{"line":19,"column":16},"end":{"line":19,"column":60}},"12":{"start":{"line":21,"column":25},"end":{"line":21,"column":46}},"13":{"start":{"line":22,"column":12},"end":{"line":22,"column":30}},"14":{"start":{"line":24,"column":12},"end":{"line":24,"column":79}},"15":{"start":{"line":26,"column":12},"end":{"line":26,"column":30}},"16":{"start":{"line":30,"column":26},"end":{"line":52,"column":5}},"17":{"start":{"line":31,"column":8},"end":{"line":31,"column":23}},"18":{"start":{"line":32,"column":8},"end":{"line":51,"column":9}},"19":{"start":{"line":33,"column":29},"end":{"line":39,"column":14}},"20":{"start":{"line":41,"column":12},"end":{"line":44,"column":13}},"21":{"start":{"line":42,"column":34},"end":{"line":42,"column":55}},"22":{"start":{"line":43,"column":16},"end":{"line":43,"column":79}},"23":{"start":{"line":46,"column":12},"end":{"line":46,"column":34}},"24":{"start":{"line":47,"column":12},"end":{"line":47,"column":24}},"25":{"start":{"line":49,"column":12},"end":{"line":49,"column":79}},"26":{"start":{"line":50,"column":12},"end":{"line":50,"column":25}},"27":{"start":{"line":54,"column":26},"end":{"line":76,"column":5}},"28":{"start":{"line":55,"column":8},"end":{"line":55,"column":23}},"29":{"start":{"line":56,"column":8},"end":{"line":75,"column":9}},"30":{"start":{"line":57,"column":29},"end":{"line":63,"column":14}},"31":{"start":{"line":65,"column":12},"end":{"line":68,"column":13}},"32":{"start":{"line":66,"column":34},"end":{"line":66,"column":55}},"33":{"start":{"line":67,"column":16},"end":{"line":67,"column":79}},"34":{"start":{"line":70,"column":12},"end":{"line":70,"column":34}},"35":{"start":{"line":71,"column":12},"end":{"line":71,"column":24}},"36":{"start":{"line":73,"column":12},"end":{"line":73,"column":79}},"37":{"start":{"line":74,"column":12},"end":{"line":74,"column":25}},"38":{"start":{"line":78,"column":26},"end":{"line":99,"column":5}},"39":{"start":{"line":79,"column":8},"end":{"line":79,"column":23}},"40":{"start":{"line":80,"column":8},"end":{"line":98,"column":9}},"41":{"start":{"line":81,"column":29},"end":{"line":86,"column":14}},"42":{"start":{"line":88,"column":12},"end":{"line":91,"column":13}},"43":{"start":{"line":89,"column":34},"end":{"line":89,"column":55}},"44":{"start":{"line":90,"column":16},"end":{"line":90,"column":79}},"45":{"start":{"line":93,"column":12},"end":{"line":93,"column":34}},"46":{"start":{"line":94,"column":12},"end":{"line":94,"column":24}},"47":{"start":{"line":96,"column":12},"end":{"line":96,"column":79}},"48":{"start":{"line":97,"column":12},"end":{"line":97,"column":25}},"49":{"start":{"line":101,"column":24},"end":{"line":125,"column":5}},"50":{"start":{"line":102,"column":8},"end":{"line":102,"column":23}},"51":{"start":{"line":103,"column":8},"end":{"line":124,"column":9}},"52":{"start":{"line":105,"column":35},"end":{"line":105,"column":68}},"53":{"start":{"line":107,"column":29},"end":{"line":112,"column":14}},"54":{"start":{"line":114,"column":12},"end":{"line":117,"column":13}},"55":{"start":{"line":115,"column":34},"end":{"line":115,"column":55}},"56":{"start":{"line":116,"column":16},"end":{"line":116,"column":77}},"57":{"start":{"line":119,"column":12},"end":{"line":119,"column":34}},"58":{"start":{"line":120,"column":12},"end":{"line":120,"column":24}},"59":{"start":{"line":122,"column":12},"end":{"line":122,"column":79}},"60":{"start":{"line":123,"column":12},"end":{"line":123,"column":25}},"61":{"start":{"line":127,"column":4},"end":{"line":136,"column":6}},"62":{"start":{"line":4,"column":13},"end":{"line":4,"column":36}}},"fnMap":{"0":{"name":"(anonymous_0)","decl":{"start":{"line":4,"column":36},"end":{"line":4,"column":39}},"loc":{"start":{"line":4,"column":41},"end":{"line":137,"column":1}}},"1":{"name":"(anonymous_1)","decl":{"start":{"line":9,"column":38},"end":{"line":9,"column":43}},"loc":{"start":{"line":9,"column":49},"end":{"line":28,"column":5}}},"2":{"name":"(anonymous_2)","decl":{"start":{"line":30,"column":26},"end":{"line":30,"column":31}},"loc":{"start":{"line":30,"column":55},"end":{"line":52,"column":5}}},"3":{"name":"(anonymous_3)","decl":{"start":{"line":54,"column":26},"end":{"line":54,"column":31}},"loc":{"start":{"line":54,"column":69},"end":{"line":76,"column":5}}},"4":{"name":"(anonymous_4)","decl":{"start":{"line":78,"column":26},"end":{"line":78,"column":31}},"loc":{"start":{"line":78,"column":49},"end":{"line":99,"column":5}}},"5":{"name":"(anonymous_5)","decl":{"start":{"line":101,"column":24},"end":{"line":101,"column":29}},"loc":{"start":{"line":101,"column":66},"end":{"line":125,"column":5}}}},"branchMap":{"0":{"loc":{"start":{"line":18,"column":12},"end":{"line":20,"column":13}},"type":"if","locations":[{"start":{"line":18,"column":12},"end":{"line":20,"column":13}}]},"1":{"loc":{"start":{"line":24,"column":21},"end":{"line":24,"column":77}},"type":"cond-expr","locations":[{"start":{"line":24,"column":44},"end":{"line":24,"column":55}},{"start":{"line":24,"column":58},"end":{"line":24,"column":77}}]},"2":{"loc":{"start":{"line":41,"column":12},"end":{"line":44,"column":13}},"type":"if","locations":[{"start":{"line":41,"column":12},"end":{"line":44,"column":13}}]},"3":{"loc":{"start":{"line":43,"column":32},"end":{"line":43,"column":77}},"type":"binary-expr","locations":[{"start":{"line":43,"column":32},"end":{"line":43,"column":47}},{"start":{"line":43,"column":51},"end":{"line":43,"column":77}}]},"4":{"loc":{"start":{"line":49,"column":21},"end":{"line":49,"column":77}},"type":"cond-expr","locations":[{"start":{"line":49,"column":44},"end":{"line":49,"column":55}},{"start":{"line":49,"column":58},"end":{"line":49,"column":77}}]},"5":{"loc":{"start":{"line":65,"column":12},"end":{"line":68,"column":13}},"type":"if","locations":[{"start":{"line":65,"column":12},"end":{"line":68,"column":13}}]},"6":{"loc":{"start":{"line":67,"column":32},"end":{"line":67,"column":77}},"type":"binary-expr","locations":[{"start":{"line":67,"column":32},"end":{"line":67,"column":47}},{"start":{"line":67,"column":51},"end":{"line":67,"column":77}}]},"7":{"loc":{"start":{"line":73,"column":21},"end":{"line":73,"column":77}},"type":"cond-expr","locations":[{"start":{"line":73,"column":44},"end":{"line":73,"column":55}},{"start":{"line":73,"column":58},"end":{"line":73,"column":77}}]},"8":{"loc":{"start":{"line":88,"column":12},"end":{"line":91,"column":13}},"type":"if","locations":[{"start":{"line":88,"column":12},"end":{"line":91,"column":13}}]},"9":{"loc":{"start":{"line":90,"column":32},"end":{"line":90,"column":77}},"type":"binary-expr","locations":[{"start":{"line":90,"column":32},"end":{"line":90,"column":47}},{"start":{"line":90,"column":51},"end":{"line":90,"column":77}}]},"10":{"loc":{"start":{"line":96,"column":21},"end":{"line":96,"column":77}},"type":"cond-expr","locations":[{"start":{"line":96,"column":44},"end":{"line":96,"column":55}},{"start":{"line":96,"column":58},"end":{"line":96,"column":77}}]},"11":{"loc":{"start":{"line":114,"column":12},"end":{"line":117,"column":13}},"type":"if","locations":[{"start":{"line":114,"column":12},"end":{"line":117,"column":13}}]},"12":{"loc":{"start":{"line":116,"column":32},"end":{"line":116,"column":75}},"type":"binary-expr","locations":[{"start":{"line":116,"column":32},"end":{"line":116,"column":47}},{"start":{"line":116,"column":51},"end":{"line":116,"column":75}}]},"13":{"loc":{"start":{"line":122,"column":21},"end":{"line":122,"column":77}},"type":"cond-expr","locations":[{"start":{"line":122,"column":44},"end":{"line":122,"column":55}},{"start":{"line":122,"column":58},"end":{"line":122,"column":77}}]}},"s":{"0":2,"1":2,"2":21,"3":21,"4":21,"5":21,"6":6,"7":6,"8":6,"9":6,"10":6,"11":1,"12":5,"13":5,"14":1,"15":6,"16":21,"17":2,"18":2,"19":2,"20":2,"21":1,"22":1,"23":1,"24":1,"25":1,"26":1,"27":21,"28":2,"29":2,"30":2,"31":2,"32":1,"33":1,"34":1,"35":1,"36":1,"37":1,"38":21,"39":2,"40":2,"41":2,"42":2,"43":1,"44":1,"45":1,"46":1,"47":1,"48":1,"49":21,"50":2,"51":2,"52":2,"53":2,"54":2,"55":1,"56":1,"57":1,"58":1,"59":1,"60":1,"61":21,"62":2},"f":{"0":21,"1":6,"2":2,"3":2,"4":2,"5":2},"b":{"0":[1],"1":[1,0],"2":[1],"3":[1,0],"4":[1,0],"5":[1],"6":[1,0],"7":[1,0],"8":[1],"9":[1,0],"10":[1,0],"11":[1],"12":[1,0],"13":[1,0]}}
}
