TN:
SF:src/App.tsx
FN:12,(anonymous_1)
FNF:1
FNH:1
FNDA:8,(anonymous_1)
DA:2,1
DA:3,1
DA:4,1
DA:5,1
DA:6,1
DA:7,1
DA:8,1
DA:9,1
DA:10,1
DA:12,1
DA:13,8
DA:35,1
LF:12
LH:12
BRF:0
BRH:0
end_of_record
TN:
SF:src/components/AdminPanel.tsx
FN:15,AdminPanel
FN:44,(anonymous_2)
FN:50,(anonymous_3)
FN:55,(anonymous_4)
FN:66,(anonymous_5)
FN:77,(anonymous_6)
FN:82,(anonymous_7)
FN:87,(anonymous_8)
FN:92,(anonymous_9)
FN:114,(anonymous_10)
FN:126,(anonymous_11)
FN:136,(anonymous_12)
FN:156,(anonymous_13)
FN:195,(anonymous_14)
FNF:14
FNH:12
FNDA:29,AdminPanel
FNDA:13,(anonymous_2)
FNDA:13,(anonymous_3)
FNDA:2,(anonymous_4)
FNDA:2,(anonymous_5)
FNDA:1,(anonymous_6)
FNDA:1,(anonymous_7)
FNDA:1,(anonymous_8)
FNDA:0,(anonymous_9)
FNDA:2,(anonymous_10)
FNDA:0,(anonymous_11)
FNDA:4,(anonymous_12)
FNDA:2,(anonymous_13)
FNDA:1,(anonymous_14)
DA:1,1
DA:2,1
DA:3,1
DA:4,1
DA:5,1
DA:8,1
DA:9,1
DA:10,1
DA:11,1
DA:15,1
DA:16,29
DA:17,29
DA:26,29
DA:36,29
DA:38,29
DA:39,29
DA:40,29
DA:41,29
DA:42,29
DA:44,29
DA:45,13
DA:46,1
DA:50,29
DA:51,13
DA:52,13
DA:55,29
DA:56,2
DA:60,2
DA:61,2
DA:62,2
DA:66,29
DA:67,2
DA:71,2
DA:72,2
DA:73,2
DA:77,29
DA:78,1
DA:79,1
DA:82,29
DA:83,1
DA:84,1
DA:87,29
DA:88,1
DA:89,1
DA:92,29
DA:93,0
DA:94,0
DA:97,29
DA:98,1
DA:105,28
DA:115,2
DA:126,0
DA:136,4
DA:157,2
DA:158,2
DA:196,1
DA:197,1
LF:57
LH:54
BRDA:45,0,0,1
BRDA:56,1,0,1
BRDA:56,1,1,1
BRDA:60,2,0,2
BRDA:67,3,0,1
BRDA:67,3,1,1
BRDA:71,4,0,2
BRDA:97,5,0,1
BRDA:97,6,0,29
BRDA:97,6,1,28
BRDA:128,7,0,19
BRDA:128,7,1,9
BRDA:138,8,0,9
BRDA:138,8,1,19
BRDA:149,9,0,28
BRDA:149,9,1,19
BRDA:166,10,0,19
BRDA:166,10,1,1
BRDA:172,11,0,3
BRDA:172,11,1,16
BRDA:176,12,0,3
BRDA:176,12,1,2
BRDA:188,13,0,28
BRDA:188,13,1,9
BRDA:205,14,0,9
BRDA:205,14,1,0
BRDA:211,15,0,2
BRDA:211,15,1,7
BRDA:215,16,0,2
BRDA:215,16,1,1
BRF:30
BRH:29
end_of_record
TN:
SF:src/components/BlogList.tsx
FN:15,(anonymous_1)
FN:20,(anonymous_2)
FN:21,(anonymous_3)
FN:58,(anonymous_4)
FNF:4
FNH:4
FNDA:13,(anonymous_1)
FNDA:7,(anonymous_2)
FNDA:7,(anonymous_3)
FNDA:10,(anonymous_4)
DA:1,1
DA:2,1
DA:3,1
DA:15,1
DA:16,13
DA:17,13
DA:18,13
DA:20,13
DA:21,7
DA:22,7
DA:23,7
DA:24,5
DA:25,5
DA:27,1
DA:28,1
DA:32,7
DA:35,13
DA:36,7
DA:46,6
DA:47,1
DA:54,5
DA:59,10
DA:95,1
LF:23
LH:23
BRDA:35,0,0,7
BRDA:46,1,0,1
BRDA:64,2,0,10
BRDA:64,2,1,5
BRDA:80,3,0,10
BRDA:80,3,1,5
BRF:6
BRH:6
end_of_record
TN:
SF:src/components/BlogPost.tsx
FN:20,(anonymous_1)
FN:27,(anonymous_2)
FN:28,(anonymous_3)
FN:58,(anonymous_4)
FN:70,(anonymous_5)
FN:102,(anonymous_6)
FN:126,(anonymous_7)
FNF:7
FNH:7
FNDA:13,(anonymous_1)
FNDA:7,(anonymous_2)
FNDA:7,(anonymous_3)
FNDA:1,(anonymous_4)
FNDA:1,(anonymous_5)
FNDA:6,(anonymous_6)
FNDA:6,(anonymous_7)
DA:1,1
DA:2,1
DA:3,1
DA:20,1
DA:21,13
DA:22,13
DA:23,13
DA:24,13
DA:25,13
DA:27,13
DA:28,7
DA:29,7
DA:30,7
DA:31,5
DA:32,5
DA:34,1
DA:35,1
DA:39,7
DA:42,13
DA:43,7
DA:53,6
DA:54,2
DA:58,1
DA:67,4
DA:70,1
DA:103,6
DA:127,6
DA:141,1
LF:28
LH:28
BRDA:42,0,0,7
BRDA:53,1,0,2
BRDA:53,2,0,6
BRDA:53,2,1,5
BRDA:56,3,0,2
BRDA:56,3,1,1
BRDA:76,4,0,4
BRDA:76,4,1,3
BRDA:89,5,0,4
BRDA:89,5,1,3
BRDA:92,6,0,4
BRDA:92,6,1,3
BRDA:100,7,0,4
BRDA:100,7,1,3
BRDA:122,8,0,4
BRDA:122,8,1,3
BRF:16
BRH:16
end_of_record
TN:
SF:src/components/CustomerReviews.tsx
FN:13,(anonymous_0)
FN:70,(anonymous_1)
FN:75,(anonymous_2)
FN:119,(anonymous_3)
FNF:4
FNH:4
FNDA:8,(anonymous_0)
FNDA:4,(anonymous_1)
FNDA:20,(anonymous_2)
FNDA:12,(anonymous_3)
DA:1,1
DA:2,1
DA:13,1
DA:14,8
DA:15,8
DA:18,8
DA:70,8
DA:71,4
DA:72,4
DA:75,8
DA:76,20
DA:77,20
DA:78,20
DA:80,20
DA:81,100
DA:89,20
DA:90,0
DA:98,20
DA:101,8
DA:120,12
DA:162,1
LF:21
LH:20
BRDA:89,0,0,0
BRDA:116,1,0,4
BRDA:116,1,1,4
BRDA:132,2,0,0
BRDA:132,2,1,12
BRF:5
BRH:3
end_of_record
TN:
SF:src/components/Footer.tsx
FN:12,(anonymous_0)
FNF:1
FNH:1
FNDA:6,(anonymous_0)
DA:2,1
DA:3,1
DA:12,1
DA:13,6
DA:120,1
LF:5
LH:5
BRF:0
BRH:0
end_of_record
TN:
SF:src/components/HomePage.tsx
FN:7,(anonymous_1)
FN:176,(anonymous_2)
FN:202,(anonymous_3)
FNF:3
FNH:3
FNDA:19,(anonymous_1)
FNDA:76,(anonymous_2)
FNDA:76,(anonymous_3)
DA:2,1
DA:3,1
DA:4,1
DA:5,1
DA:7,1
DA:8,19
DA:177,76
DA:203,76
DA:230,1
LF:9
LH:9
BRF:0
BRH:0
end_of_record
TN:
SF:src/components/Layout.tsx
FN:9,(anonymous_1)
FNF:1
FNH:1
FNDA:5,(anonymous_1)
DA:2,1
DA:3,1
DA:9,1
DA:10,5
DA:19,1
LF:5
LH:5
BRF:0
BRH:0
end_of_record
TN:
SF:src/components/Login.tsx
FN:5,Login
FN:13,(anonymous_1)
FN:51,(anonymous_2)
FN:67,(anonymous_3)
FNF:4
FNH:4
FNDA:181,Login
FNDA:4,(anonymous_1)
FNDA:107,(anonymous_2)
FNDA:57,(anonymous_3)
DA:1,1
DA:2,1
DA:3,1
DA:5,1
DA:6,181
DA:7,180
DA:8,180
DA:9,180
DA:10,180
DA:11,180
DA:13,180
DA:14,4
DA:15,4
DA:16,4
DA:18,4
DA:19,4
DA:20,2
DA:22,2
DA:24,4
DA:28,180
DA:51,107
DA:67,57
LF:22
LH:22
BRDA:22,0,0,1
BRDA:22,0,1,1
BRDA:72,1,0,180
BRDA:72,1,1,2
BRDA:81,2,0,4
BRDA:81,2,1,176
BRDA:86,3,0,4
BRDA:86,3,1,176
BRF:8
BRH:8
end_of_record
TN:
SF:src/components/Navigation.tsx
FN:4,(anonymous_0)
FNF:1
FNH:1
FNDA:6,(anonymous_0)
DA:2,1
DA:4,1
DA:5,6
DA:69,1
LF:4
LH:4
BRF:0
BRH:0
end_of_record
TN:
SF:src/components/ProtectedRoute.tsx
FN:8,ProtectedRoute
FNF:1
FNH:1
FNDA:8,ProtectedRoute
DA:1,2
DA:2,2
DA:8,2
DA:9,8
DA:11,4
DA:12,2
DA:15,2
LF:7
LH:7
BRDA:11,0,0,2
BRF:1
BRH:1
end_of_record
TN:
SF:src/components/blog/BlogTable.tsx
FN:9,BlogTable
FN:30,(anonymous_1)
FN:55,(anonymous_2)
FN:61,(anonymous_3)
FNF:4
FNH:4
FNDA:8,BlogTable
FNDA:13,(anonymous_1)
FNDA:1,(anonymous_2)
FNDA:2,(anonymous_3)
DA:9,1
DA:10,8
DA:31,13
DA:55,1
DA:62,2
DA:67,1
LF:6
LH:6
BRDA:40,0,0,7
BRDA:40,0,1,6
BRDA:49,1,0,7
BRDA:49,1,1,6
BRDA:62,2,0,1
BRF:5
BRH:5
end_of_record
TN:
SF:src/components/blog/QuillConfig.ts
FNF:0
FNH:0
DA:1,1
DA:15,1
LF:2
LH:2
BRF:0
BRH:0
end_of_record
TN:
SF:src/contexts/AuthContext.tsx
FN:18,AuthProvider
FN:21,(anonymous_2)
FN:31,(anonymous_3)
FN:61,(anonymous_4)
FN:74,useAuth
FNF:5
FNH:5
FNDA:14,AuthProvider
FNDA:8,(anonymous_2)
FNDA:4,(anonymous_3)
FNDA:1,(anonymous_4)
FNDA:18,useAuth
DA:1,2
DA:8,2
DA:16,2
DA:18,2
DA:19,14
DA:21,14
DA:23,8
DA:24,8
DA:25,3
DA:27,3
DA:31,14
DA:32,4
DA:33,4
DA:38,2
DA:40,1
DA:42,1
DA:45,1
DA:46,1
DA:48,1
DA:50,2
DA:51,0
DA:52,0
DA:55,0
DA:57,2
DA:61,14
DA:62,1
DA:63,1
DA:64,1
DA:67,14
DA:74,2
DA:75,18
DA:76,18
DA:77,4
DA:79,14
LF:34
LH:31
BRDA:24,0,0,3
BRDA:38,1,0,1
BRDA:50,2,0,0
BRDA:51,3,0,0
BRDA:76,4,0,4
BRF:5
BRH:3
end_of_record
TN:
SF:src/data/features.ts
FNF:0
FNH:0
DA:1,1
DA:9,1
LF:2
LH:2
BRF:0
BRH:0
end_of_record
TN:
SF:src/hooks/useBlogManagement.ts
FN:5,(anonymous_1)
FN:10,(anonymous_2)
FN:22,(anonymous_3)
FN:27,(anonymous_4)
FN:30,(anonymous_5)
FN:42,(anonymous_6)
FN:47,(anonymous_7)
FN:50,(anonymous_8)
FN:62,(anonymous_9)
FNF:9
FNH:9
FNDA:17,(anonymous_1)
FNDA:5,(anonymous_2)
FNDA:2,(anonymous_3)
FNDA:2,(anonymous_4)
FNDA:2,(anonymous_5)
FNDA:2,(anonymous_6)
FNDA:2,(anonymous_7)
FNDA:2,(anonymous_8)
FNDA:2,(anonymous_9)
DA:1,2
DA:2,2
DA:5,2
DA:6,17
DA:7,17
DA:8,17
DA:10,17
DA:11,5
DA:12,5
DA:13,4
DA:14,4
DA:15,4
DA:17,1
DA:18,1
DA:22,17
DA:23,2
DA:24,2
DA:27,2
DA:30,2
DA:33,2
DA:34,1
DA:35,1
DA:37,1
DA:38,1
DA:42,17
DA:43,2
DA:44,2
DA:47,2
DA:50,2
DA:53,2
DA:54,1
DA:55,1
DA:57,1
DA:58,1
DA:62,17
DA:63,2
DA:64,2
DA:65,1
DA:66,1
DA:68,1
DA:69,1
DA:73,17
LF:42
LH:42
BRDA:26,0,0,1
BRDA:26,0,1,1
BRDA:29,1,0,1
BRDA:29,1,1,1
BRDA:46,2,0,1
BRDA:46,2,1,1
BRDA:49,3,0,1
BRDA:49,3,1,1
BRF:8
BRH:8
end_of_record
TN:
SF:src/hooks/useProductManagement.ts
FN:4,(anonymous_0)
FN:9,(anonymous_1)
FN:30,(anonymous_2)
FN:54,(anonymous_3)
FN:78,(anonymous_4)
FN:101,(anonymous_5)
FNF:6
FNH:6
FNDA:21,(anonymous_0)
FNDA:6,(anonymous_1)
FNDA:2,(anonymous_2)
FNDA:2,(anonymous_3)
FNDA:2,(anonymous_4)
FNDA:2,(anonymous_5)
DA:1,2
DA:4,2
DA:5,21
DA:6,21
DA:7,21
DA:9,21
DA:10,6
DA:11,6
DA:12,6
DA:13,6
DA:18,6
DA:19,1
DA:21,5
DA:22,5
DA:24,1
DA:26,6
DA:30,21
DA:31,2
DA:32,2
DA:33,2
DA:41,2
DA:42,1
DA:43,1
DA:46,1
DA:47,1
DA:49,1
DA:50,1
DA:54,21
DA:55,2
DA:56,2
DA:57,2
DA:65,2
DA:66,1
DA:67,1
DA:70,1
DA:71,1
DA:73,1
DA:74,1
DA:78,21
DA:79,2
DA:80,2
DA:81,2
DA:88,2
DA:89,1
DA:90,1
DA:93,1
DA:94,1
DA:96,1
DA:97,1
DA:101,21
DA:102,2
DA:103,2
DA:105,2
DA:107,2
DA:114,2
DA:115,1
DA:116,1
DA:119,1
DA:120,1
DA:122,1
DA:123,1
DA:127,21
LF:62
LH:62
BRDA:18,0,0,1
BRDA:24,1,0,1
BRDA:24,1,1,0
BRDA:41,2,0,1
BRDA:43,3,0,1
BRDA:43,3,1,0
BRDA:49,4,0,1
BRDA:49,4,1,0
BRDA:65,5,0,1
BRDA:67,6,0,1
BRDA:67,6,1,0
BRDA:73,7,0,1
BRDA:73,7,1,0
BRDA:88,8,0,1
BRDA:90,9,0,1
BRDA:90,9,1,0
BRDA:96,10,0,1
BRDA:96,10,1,0
BRDA:114,11,0,1
BRDA:116,12,0,1
BRDA:116,12,1,0
BRDA:122,13,0,1
BRDA:122,13,1,0
BRF:23
BRH:14
end_of_record
