TN:
SF:src\App.tsx
FN:12,(anonymous_1)
FNF:1
FNH:1
FNDA:17,(anonymous_1)
DA:2,1
DA:3,1
DA:4,1
DA:5,1
DA:6,1
DA:7,1
DA:8,1
DA:9,1
DA:10,1
DA:12,1
DA:13,17
DA:37,1
LF:12
LH:12
BRF:0
BRH:0
end_of_record
TN:
SF:src\components\AdminPanel.tsx
FN:15,AdminPanel
FN:44,(anonymous_2)
FN:50,(anonymous_3)
FN:55,(anonymous_4)
FN:66,(anonymous_5)
FN:77,(anonymous_6)
FN:82,(anonymous_7)
FN:87,(anonymous_8)
FN:92,(anonymous_9)
FN:114,(anonymous_10)
FN:126,(anonymous_11)
FN:136,(anonymous_12)
FN:156,(anonymous_13)
FN:195,(anonymous_14)
FNF:14
FNH:0
FNDA:0,AdminPanel
FNDA:0,(anonymous_2)
FNDA:0,(anonymous_3)
FNDA:0,(anonymous_4)
FNDA:0,(anonymous_5)
FNDA:0,(anonymous_6)
FNDA:0,(anonymous_7)
FNDA:0,(anonymous_8)
FNDA:0,(anonymous_9)
FNDA:0,(anonymous_10)
FNDA:0,(anonymous_11)
FNDA:0,(anonymous_12)
FNDA:0,(anonymous_13)
FNDA:0,(anonymous_14)
DA:1,0
DA:2,0
DA:3,0
DA:4,0
DA:5,0
DA:8,0
DA:9,0
DA:10,0
DA:11,0
DA:15,0
DA:16,0
DA:17,0
DA:26,0
DA:36,0
DA:38,0
DA:39,0
DA:40,0
DA:41,0
DA:42,0
DA:44,0
DA:45,0
DA:46,0
DA:50,0
DA:51,0
DA:52,0
DA:55,0
DA:56,0
DA:60,0
DA:61,0
DA:62,0
DA:66,0
DA:67,0
DA:71,0
DA:72,0
DA:73,0
DA:77,0
DA:78,0
DA:79,0
DA:82,0
DA:83,0
DA:84,0
DA:87,0
DA:88,0
DA:89,0
DA:92,0
DA:93,0
DA:94,0
DA:97,0
DA:98,0
DA:105,0
DA:115,0
DA:126,0
DA:136,0
DA:157,0
DA:158,0
DA:196,0
DA:197,0
LF:57
LH:0
BRDA:45,0,0,0
BRDA:56,1,0,0
BRDA:56,1,1,0
BRDA:60,2,0,0
BRDA:67,3,0,0
BRDA:67,3,1,0
BRDA:71,4,0,0
BRDA:97,5,0,0
BRDA:97,6,0,0
BRDA:97,6,1,0
BRDA:128,7,0,0
BRDA:128,7,1,0
BRDA:138,8,0,0
BRDA:138,8,1,0
BRDA:149,9,0,0
BRDA:149,9,1,0
BRDA:166,10,0,0
BRDA:166,10,1,0
BRDA:172,11,0,0
BRDA:172,11,1,0
BRDA:176,12,0,0
BRDA:176,12,1,0
BRDA:188,13,0,0
BRDA:188,13,1,0
BRDA:205,14,0,0
BRDA:205,14,1,0
BRDA:211,15,0,0
BRDA:211,15,1,0
BRDA:215,16,0,0
BRDA:215,16,1,0
BRF:30
BRH:0
end_of_record
TN:
SF:src\components\BlogList.tsx
FN:15,(anonymous_1)
FN:20,(anonymous_2)
FN:21,(anonymous_3)
FN:58,(anonymous_4)
FNF:4
FNH:0
FNDA:0,(anonymous_1)
FNDA:0,(anonymous_2)
FNDA:0,(anonymous_3)
FNDA:0,(anonymous_4)
DA:1,0
DA:2,0
DA:3,0
DA:15,0
DA:16,0
DA:17,0
DA:18,0
DA:20,0
DA:21,0
DA:22,0
DA:23,0
DA:24,0
DA:25,0
DA:27,0
DA:28,0
DA:32,0
DA:35,0
DA:36,0
DA:46,0
DA:47,0
DA:54,0
DA:59,0
DA:95,0
LF:23
LH:0
BRDA:35,0,0,0
BRDA:46,1,0,0
BRDA:64,2,0,0
BRDA:64,2,1,0
BRDA:80,3,0,0
BRDA:80,3,1,0
BRF:6
BRH:0
end_of_record
TN:
SF:src\components\BlogPost.tsx
FN:20,(anonymous_1)
FN:27,(anonymous_2)
FN:28,(anonymous_3)
FN:58,(anonymous_4)
FN:70,(anonymous_5)
FN:102,(anonymous_6)
FN:126,(anonymous_7)
FNF:7
FNH:0
FNDA:0,(anonymous_1)
FNDA:0,(anonymous_2)
FNDA:0,(anonymous_3)
FNDA:0,(anonymous_4)
FNDA:0,(anonymous_5)
FNDA:0,(anonymous_6)
FNDA:0,(anonymous_7)
DA:1,0
DA:2,0
DA:3,0
DA:20,0
DA:21,0
DA:22,0
DA:23,0
DA:24,0
DA:25,0
DA:27,0
DA:28,0
DA:29,0
DA:30,0
DA:31,0
DA:32,0
DA:34,0
DA:35,0
DA:39,0
DA:42,0
DA:43,0
DA:53,0
DA:54,0
DA:58,0
DA:67,0
DA:70,0
DA:103,0
DA:127,0
DA:141,0
LF:28
LH:0
BRDA:42,0,0,0
BRDA:53,1,0,0
BRDA:53,2,0,0
BRDA:53,2,1,0
BRDA:56,3,0,0
BRDA:56,3,1,0
BRDA:76,4,0,0
BRDA:76,4,1,0
BRDA:89,5,0,0
BRDA:89,5,1,0
BRDA:92,6,0,0
BRDA:92,6,1,0
BRDA:100,7,0,0
BRDA:100,7,1,0
BRDA:122,8,0,0
BRDA:122,8,1,0
BRF:16
BRH:0
end_of_record
TN:
SF:src\components\CustomerReviews.tsx
FN:13,(anonymous_0)
FN:70,(anonymous_1)
FN:75,(anonymous_2)
FN:119,(anonymous_3)
FNF:4
FNH:0
FNDA:0,(anonymous_0)
FNDA:0,(anonymous_1)
FNDA:0,(anonymous_2)
FNDA:0,(anonymous_3)
DA:1,0
DA:2,0
DA:13,0
DA:14,0
DA:15,0
DA:18,0
DA:70,0
DA:71,0
DA:72,0
DA:75,0
DA:76,0
DA:77,0
DA:78,0
DA:80,0
DA:81,0
DA:89,0
DA:90,0
DA:98,0
DA:101,0
DA:120,0
DA:162,0
LF:21
LH:0
BRDA:89,0,0,0
BRDA:116,1,0,0
BRDA:116,1,1,0
BRDA:132,2,0,0
BRDA:132,2,1,0
BRF:5
BRH:0
end_of_record
TN:
SF:src\components\Footer.tsx
FN:12,(anonymous_0)
FNF:1
FNH:0
FNDA:0,(anonymous_0)
DA:2,0
DA:3,0
DA:12,0
DA:13,0
DA:120,0
LF:5
LH:0
BRF:0
BRH:0
end_of_record
TN:
SF:src\components\HomePage.tsx
FN:7,(anonymous_1)
FN:176,(anonymous_2)
FN:202,(anonymous_3)
FNF:3
FNH:0
FNDA:0,(anonymous_1)
FNDA:0,(anonymous_2)
FNDA:0,(anonymous_3)
DA:2,0
DA:3,0
DA:4,0
DA:5,0
DA:7,0
DA:8,0
DA:177,0
DA:203,0
DA:230,0
LF:9
LH:0
BRF:0
BRH:0
end_of_record
TN:
SF:src\components\Layout.tsx
FN:9,(anonymous_1)
FNF:1
FNH:0
FNDA:0,(anonymous_1)
DA:2,0
DA:3,0
DA:9,0
DA:10,0
DA:19,0
LF:5
LH:0
BRF:0
BRH:0
end_of_record
TN:
SF:src\components\Login.tsx
FN:5,Login
FN:13,(anonymous_1)
FN:51,(anonymous_2)
FN:67,(anonymous_3)
FNF:4
FNH:0
FNDA:0,Login
FNDA:0,(anonymous_1)
FNDA:0,(anonymous_2)
FNDA:0,(anonymous_3)
DA:1,0
DA:2,0
DA:3,0
DA:5,0
DA:6,0
DA:7,0
DA:8,0
DA:9,0
DA:10,0
DA:11,0
DA:13,0
DA:14,0
DA:15,0
DA:16,0
DA:18,0
DA:19,0
DA:20,0
DA:22,0
DA:24,0
DA:28,0
DA:51,0
DA:67,0
LF:22
LH:0
BRDA:22,0,0,0
BRDA:22,0,1,0
BRDA:72,1,0,0
BRDA:72,1,1,0
BRDA:81,2,0,0
BRDA:81,2,1,0
BRDA:86,3,0,0
BRDA:86,3,1,0
BRF:8
BRH:0
end_of_record
TN:
SF:src\components\Navigation.tsx
FN:4,(anonymous_0)
FNF:1
FNH:0
FNDA:0,(anonymous_0)
DA:2,0
DA:4,0
DA:5,0
DA:69,0
LF:4
LH:0
BRF:0
BRH:0
end_of_record
TN:
SF:src\components\ProtectedRoute.tsx
FN:8,ProtectedRoute
FNF:1
FNH:0
FNDA:0,ProtectedRoute
DA:1,0
DA:2,0
DA:8,0
DA:9,0
DA:11,0
DA:12,0
DA:15,0
LF:7
LH:0
BRDA:11,0,0,0
BRF:1
BRH:0
end_of_record
TN:
SF:src\components\blog\BlogTable.tsx
FN:9,BlogTable
FN:30,(anonymous_1)
FN:55,(anonymous_2)
FN:61,(anonymous_3)
FNF:4
FNH:0
FNDA:0,BlogTable
FNDA:0,(anonymous_1)
FNDA:0,(anonymous_2)
FNDA:0,(anonymous_3)
DA:9,0
DA:10,0
DA:31,0
DA:55,0
DA:62,0
DA:67,0
LF:6
LH:0
BRDA:40,0,0,0
BRDA:40,0,1,0
BRDA:49,1,0,0
BRDA:49,1,1,0
BRDA:62,2,0,0
BRF:5
BRH:0
end_of_record
TN:
SF:src\components\blog\QuillConfig.ts
FNF:0
FNH:0
DA:1,0
DA:15,0
LF:2
LH:0
BRF:0
BRH:0
end_of_record
TN:
SF:src\contexts\AuthContext.tsx
FN:18,AuthProvider
FN:21,(anonymous_2)
FN:31,(anonymous_3)
FN:61,(anonymous_4)
FN:74,useAuth
FNF:5
FNH:0
FNDA:0,AuthProvider
FNDA:0,(anonymous_2)
FNDA:0,(anonymous_3)
FNDA:0,(anonymous_4)
FNDA:0,useAuth
DA:1,0
DA:8,0
DA:16,0
DA:18,0
DA:19,0
DA:21,0
DA:23,0
DA:24,0
DA:25,0
DA:27,0
DA:31,0
DA:32,0
DA:33,0
DA:38,0
DA:40,0
DA:42,0
DA:45,0
DA:46,0
DA:48,0
DA:50,0
DA:51,0
DA:52,0
DA:55,0
DA:57,0
DA:61,0
DA:62,0
DA:63,0
DA:64,0
DA:67,0
DA:74,0
DA:75,0
DA:76,0
DA:77,0
DA:79,0
LF:34
LH:0
BRDA:24,0,0,0
BRDA:38,1,0,0
BRDA:50,2,0,0
BRDA:51,3,0,0
BRDA:76,4,0,0
BRF:5
BRH:0
end_of_record
TN:
SF:src\data\features.ts
FNF:0
FNH:0
DA:1,0
DA:9,0
LF:2
LH:0
BRF:0
BRH:0
end_of_record
TN:
SF:src\hooks\useBlogManagement.ts
FN:5,(anonymous_1)
FN:10,(anonymous_2)
FN:22,(anonymous_3)
FN:27,(anonymous_4)
FN:30,(anonymous_5)
FN:42,(anonymous_6)
FN:47,(anonymous_7)
FN:50,(anonymous_8)
FN:62,(anonymous_9)
FNF:9
FNH:0
FNDA:0,(anonymous_1)
FNDA:0,(anonymous_2)
FNDA:0,(anonymous_3)
FNDA:0,(anonymous_4)
FNDA:0,(anonymous_5)
FNDA:0,(anonymous_6)
FNDA:0,(anonymous_7)
FNDA:0,(anonymous_8)
FNDA:0,(anonymous_9)
DA:1,0
DA:2,0
DA:5,0
DA:6,0
DA:7,0
DA:8,0
DA:10,0
DA:11,0
DA:12,0
DA:13,0
DA:14,0
DA:15,0
DA:17,0
DA:18,0
DA:22,0
DA:23,0
DA:24,0
DA:27,0
DA:30,0
DA:33,0
DA:34,0
DA:35,0
DA:37,0
DA:38,0
DA:42,0
DA:43,0
DA:44,0
DA:47,0
DA:50,0
DA:53,0
DA:54,0
DA:55,0
DA:57,0
DA:58,0
DA:62,0
DA:63,0
DA:64,0
DA:65,0
DA:66,0
DA:68,0
DA:69,0
DA:73,0
LF:42
LH:0
BRDA:26,0,0,0
BRDA:26,0,1,0
BRDA:29,1,0,0
BRDA:29,1,1,0
BRDA:46,2,0,0
BRDA:46,2,1,0
BRDA:49,3,0,0
BRDA:49,3,1,0
BRF:8
BRH:0
end_of_record
TN:
SF:src\hooks\useProductManagement.ts
FN:4,(anonymous_0)
FN:9,(anonymous_1)
FN:30,(anonymous_2)
FN:54,(anonymous_3)
FN:78,(anonymous_4)
FN:101,(anonymous_5)
FNF:6
FNH:0
FNDA:0,(anonymous_0)
FNDA:0,(anonymous_1)
FNDA:0,(anonymous_2)
FNDA:0,(anonymous_3)
FNDA:0,(anonymous_4)
FNDA:0,(anonymous_5)
DA:1,0
DA:4,0
DA:5,0
DA:6,0
DA:7,0
DA:9,0
DA:10,0
DA:11,0
DA:12,0
DA:13,0
DA:18,0
DA:19,0
DA:21,0
DA:22,0
DA:24,0
DA:26,0
DA:30,0
DA:31,0
DA:32,0
DA:33,0
DA:41,0
DA:42,0
DA:43,0
DA:46,0
DA:47,0
DA:49,0
DA:50,0
DA:54,0
DA:55,0
DA:56,0
DA:57,0
DA:65,0
DA:66,0
DA:67,0
DA:70,0
DA:71,0
DA:73,0
DA:74,0
DA:78,0
DA:79,0
DA:80,0
DA:81,0
DA:88,0
DA:89,0
DA:90,0
DA:93,0
DA:94,0
DA:96,0
DA:97,0
DA:101,0
DA:102,0
DA:103,0
DA:105,0
DA:107,0
DA:114,0
DA:115,0
DA:116,0
DA:119,0
DA:120,0
DA:122,0
DA:123,0
DA:127,0
LF:62
LH:0
BRDA:18,0,0,0
BRDA:24,1,0,0
BRDA:24,1,1,0
BRDA:41,2,0,0
BRDA:43,3,0,0
BRDA:43,3,1,0
BRDA:49,4,0,0
BRDA:49,4,1,0
BRDA:65,5,0,0
BRDA:67,6,0,0
BRDA:67,6,1,0
BRDA:73,7,0,0
BRDA:73,7,1,0
BRDA:88,8,0,0
BRDA:90,9,0,0
BRDA:90,9,1,0
BRDA:96,10,0,0
BRDA:96,10,1,0
BRDA:114,11,0,0
BRDA:116,12,0,0
BRDA:116,12,1,0
BRDA:122,13,0,0
BRDA:122,13,1,0
BRF:23
BRH:0
end_of_record
